<?xml version="1.0" encoding="UTF-8"?>
<!-- Generated by org.testng.reporters.JUnitXMLReporter -->
<testsuite ignored="0" hostname="LAPTOP-9VCQHVKN" failures="0" tests="2" name="BankingApp Test" time="84.296" errors="0" timestamp="08 Apr 2020 19:16:16 GMT">
  <testcase classname="com.inetbanking.testCases.TC_LoginTest_001" name="loginTest" time="35.825"/>
  <testcase classname="com.inetbanking.testCases.TC_AddCustomerTest_003" name="addNewCustomer" time="19.122"/>
</testsuite> <!-- BankingApp Test -->
