<?xml version="1.0" encoding="UTF-8"?>
<!-- Generated by org.testng.reporters.JUnitXMLReporter -->
<testsuite ignored="0" hostname="LAPTOP-9VCQHVKN" failures="0" tests="2" name="BankingApp Test" time="33.218" errors="0" timestamp="08 Apr 2020 17:28:01 GMT">
  <testcase classname="com.inetbanking.testCases.TC_LoginTest_001" name="loginTest" time="2.261"/>
  <testcase classname="com.inetbanking.testCases.TC_AddCustomerTest_003" name="addNewCustomer" time="12.767"/>
</testsuite> <!-- BankingApp Test -->
