<?xml version="1.0" encoding="UTF-8"?>
<testng-results ignored="0" total="2" passed="2" failed="0" skipped="0">
  <reporter-output>
  </reporter-output>
  <suite started-at="2020-04-08T19:14:52Z" name="Inetbanking1" finished-at="2020-04-08T19:16:16Z" duration-ms="84296">
    <groups>
    </groups>
    <test started-at="2020-04-08T19:14:52Z" name="BankingApp Test" finished-at="2020-04-08T19:16:16Z" duration-ms="84296">
      <class name="com.inetbanking.testCases.TC_LoginTest_001">
        <test-method is-config="true" signature="setup(java.lang.String)[pri:0, instance:com.inetbanking.testCases.TC_LoginTest_001@10d59286]" started-at="2020-04-08T19:14:52Z" name="setup" finished-at="2020-04-08T19:15:07Z" duration-ms="15076" status="PASS">
          <params>
            <param index="0">
              <value>
                <![CDATA[chrome]]>
              </value>
            </param>
          </params>
          <reporter-output>
          </reporter-output>
        </test-method> <!-- setup -->
        <test-method signature="loginTest()[pri:0, instance:com.inetbanking.testCases.TC_LoginTest_001@10d59286]" started-at="2020-04-08T19:15:07Z" name="loginTest" finished-at="2020-04-08T19:15:43Z" duration-ms="35825" status="PASS">
          <reporter-output>
          </reporter-output>
        </test-method> <!-- loginTest -->
        <test-method is-config="true" signature="tearDown()[pri:0, instance:com.inetbanking.testCases.TC_LoginTest_001@10d59286]" started-at="2020-04-08T19:15:43Z" name="tearDown" finished-at="2020-04-08T19:15:44Z" duration-ms="725" status="PASS">
          <reporter-output>
          </reporter-output>
        </test-method> <!-- tearDown -->
      </class> <!-- com.inetbanking.testCases.TC_LoginTest_001 -->
      <class name="com.inetbanking.testCases.TC_AddCustomerTest_003">
        <test-method is-config="true" signature="setup(java.lang.String)[pri:0, instance:com.inetbanking.testCases.TC_AddCustomerTest_003@fe18270]" started-at="2020-04-08T19:15:44Z" name="setup" finished-at="2020-04-08T19:15:56Z" duration-ms="12478" status="PASS">
          <params>
            <param index="0">
              <value>
                <![CDATA[chrome]]>
              </value>
            </param>
          </params>
          <reporter-output>
          </reporter-output>
        </test-method> <!-- setup -->
        <test-method signature="addNewCustomer()[pri:0, instance:com.inetbanking.testCases.TC_AddCustomerTest_003@fe18270]" started-at="2020-04-08T19:15:56Z" name="addNewCustomer" finished-at="2020-04-08T19:16:15Z" duration-ms="19122" status="PASS">
          <reporter-output>
          </reporter-output>
        </test-method> <!-- addNewCustomer -->
        <test-method is-config="true" signature="tearDown()[pri:0, instance:com.inetbanking.testCases.TC_AddCustomerTest_003@fe18270]" started-at="2020-04-08T19:16:15Z" name="tearDown" finished-at="2020-04-08T19:16:16Z" duration-ms="688" status="PASS">
          <reporter-output>
          </reporter-output>
        </test-method> <!-- tearDown -->
      </class> <!-- com.inetbanking.testCases.TC_AddCustomerTest_003 -->
    </test> <!-- BankingApp Test -->
  </suite> <!-- Inetbanking1 -->
</testng-results>
