<?xml version="1.0" encoding="UTF-8"?>
<testng-results ignored="0" total="2" passed="2" failed="0" skipped="0">
  <reporter-output>
  </reporter-output>
  <suite started-at="2020-04-08T17:27:28Z" name="Inetbanking1" finished-at="2020-04-08T17:28:01Z" duration-ms="33218">
    <groups>
    </groups>
    <test started-at="2020-04-08T17:27:28Z" name="BankingApp Test" finished-at="2020-04-08T17:28:01Z" duration-ms="33218">
      <class name="com.inetbanking.testCases.TC_LoginTest_001">
        <test-method is-config="true" signature="setup(java.lang.String)[pri:0, instance:com.inetbanking.testCases.TC_LoginTest_001@2133814f]" started-at="2020-04-08T17:27:28Z" name="setup" finished-at="2020-04-08T17:27:37Z" duration-ms="8395" status="PASS">
          <params>
            <param index="0">
              <value>
                <![CDATA[chrome]]>
              </value>
            </param>
          </params>
          <reporter-output>
          </reporter-output>
        </test-method> <!-- setup -->
        <test-method signature="loginTest()[pri:0, instance:com.inetbanking.testCases.TC_LoginTest_001@2133814f]" started-at="2020-04-08T17:27:37Z" name="loginTest" finished-at="2020-04-08T17:27:39Z" duration-ms="2261" status="PASS">
          <reporter-output>
          </reporter-output>
        </test-method> <!-- loginTest -->
        <test-method is-config="true" signature="tearDown()[pri:0, instance:com.inetbanking.testCases.TC_LoginTest_001@2133814f]" started-at="2020-04-08T17:27:39Z" name="tearDown" finished-at="2020-04-08T17:27:40Z" duration-ms="1188" status="PASS">
          <reporter-output>
          </reporter-output>
        </test-method> <!-- tearDown -->
      </class> <!-- com.inetbanking.testCases.TC_LoginTest_001 -->
      <class name="com.inetbanking.testCases.TC_AddCustomerTest_003">
        <test-method is-config="true" signature="setup(java.lang.String)[pri:0, instance:com.inetbanking.testCases.TC_AddCustomerTest_003@4c15e7fd]" started-at="2020-04-08T17:27:40Z" name="setup" finished-at="2020-04-08T17:27:47Z" duration-ms="7368" status="PASS">
          <params>
            <param index="0">
              <value>
                <![CDATA[chrome]]>
              </value>
            </param>
          </params>
          <reporter-output>
          </reporter-output>
        </test-method> <!-- setup -->
        <test-method signature="addNewCustomer()[pri:0, instance:com.inetbanking.testCases.TC_AddCustomerTest_003@4c15e7fd]" started-at="2020-04-08T17:27:47Z" name="addNewCustomer" finished-at="2020-04-08T17:28:00Z" duration-ms="12767" status="PASS">
          <reporter-output>
          </reporter-output>
        </test-method> <!-- addNewCustomer -->
        <test-method is-config="true" signature="tearDown()[pri:0, instance:com.inetbanking.testCases.TC_AddCustomerTest_003@4c15e7fd]" started-at="2020-04-08T17:28:00Z" name="tearDown" finished-at="2020-04-08T17:28:01Z" duration-ms="904" status="PASS">
          <reporter-output>
          </reporter-output>
        </test-method> <!-- tearDown -->
      </class> <!-- com.inetbanking.testCases.TC_AddCustomerTest_003 -->
    </test> <!-- BankingApp Test -->
  </suite> <!-- Inetbanking1 -->
</testng-results>
